2013-10-30 18:42:03,643 ERROR [main] ui.ShellApp: java.lang.NumberFormatException: For input string: "klsjgldj"
2013-10-31 20:57:17,305 ERROR [main] ui.ShellApp: java.net.ConnectException: Connection timed out: connect
2013-10-31 21:00:06,996 ERROR [main] ui.ShellApp: Blah
2013-10-31 21:02:38,624 ERROR [main] ui.ShellApp: java.net.ConnectException: Connection timed out: connect
2013-10-31 21:04:33,577 ERROR [main] ui.ShellApp: Connection timed out; please review the IP address and/or port number provided
2013-10-31 21:21:32,486 DEBUG [main] ui.ShellApp: App started. Logging initialized. ClientDelegate object created. Entering parse loop...
2013-10-31 21:22:55,401 DEBUG [main] ui.ShellApp: App started. Logging initialized. ClientDelegate object created. Entering parse loop...
2013-10-31 21:31:32,374 INFO  [main] ui.ShellApp: App started. Logging initialized. ClientDelegate object created. Entering parse loop...
2013-10-31 21:31:52,965 INFO  [main] ui.ShellApp: Connected to 131.159.52.1:50000
2013-10-31 21:32:09,103 INFO  [main] ui.ShellApp: Closing app
2013-10-31 21:34:08,385 INFO  [main] ui.ShellApp: App started. Logging initialized. ClientDelegate object created. Entering parse loop...
2013-10-31 21:34:28,685 INFO  [main] ui.ShellApp: Connected to 131.159.52.1:50000
2013-10-31 21:41:35,123 INFO  [main] ui.ShellApp: App started. Logging initialized. ClientDelegate object created. Entering parse loop...
2013-10-31 21:41:50,732 INFO  [main] ui.ShellApp: Connected to 131.159.52.1:50000
2013-10-31 21:42:02,343 INFO  [main] ui.ShellApp: Message sent: 'hello world '
2013-10-31 21:42:02,349 INFO  [main] ui.ShellApp: Reply received: 'hello world '
2013-10-31 21:42:30,981 INFO  [main] ui.ShellApp: Disconnected
2013-10-31 21:42:30,981 INFO  [main] ui.ShellApp: Closing app...
2013-10-31 22:41:09,300 INFO  [main] ui.ShellApp: App started. Logging initialized. ClientDelegate object created. Entering parse loop...
2013-10-31 22:42:02,155 INFO  [main] ui.ShellApp: App started. Logging initialized. ClientDelegate object created. Entering parse loop...
2013-10-31 22:42:24,968 INFO  [main] ui.ShellApp: Connected to 131.159.52.1:50000
2013-10-31 22:42:30,503 INFO  [main] ui.ShellApp: Message sent: 'hello world '
2013-10-31 22:42:30,511 INFO  [main] ui.ShellApp: Reply received: 'hello world '
2013-10-31 22:43:40,855 INFO  [main] ui.ShellApp: Message sent: 'hello world '
2013-10-31 22:43:59,780 ERROR [main] ui.ShellApp: Failed to send; please try again
2013-10-31 22:44:53,231 ERROR [main] ui.ShellApp: Connection timed out; please review the IP address and/or port number provided
2013-10-31 22:45:57,947 INFO  [main] ui.ShellApp: App started. Logging initialized. ClientDelegate object created. Entering parse loop...
2013-10-31 22:46:06,949 ERROR [main] ui.ShellApp: Failed to connect; please make sure you have internet connection and review the IP address and/or port number
2013-10-31 22:47:30,655 INFO  [main] ui.ShellApp: App started. Logging initialized. ClientDelegate object created. Entering parse loop...
2013-10-31 22:47:32,383 ERROR [main] ui.ShellApp: Failed to connect; please make sure you have internet connection and review the IP address and/or port number
2013-10-31 22:48:33,545 INFO  [main] ui.ShellApp: App started. Logging initialized. ClientDelegate object created. Entering parse loop...
2013-10-31 22:48:37,072 ERROR [main] ui.ShellApp: Failed to send; please make sure you are connected
2013-10-31 22:50:10,050 INFO  [main] ui.ShellApp: App started. Logging initialized. ClientDelegate object created. Entering parse loop...
2013-10-31 22:51:06,416 ERROR [main] ui.ShellApp: Failed to connect; please make sure you have internet connection and review the IP address and/or port number
2013-10-31 22:51:21,140 ERROR [main] ui.ShellApp: Failed to send; please make sure you are connected
2013-10-31 22:52:57,246 INFO  [main] ui.ShellApp: App started. Logging initialized. ClientDelegate object created. Entering parse loop...
2013-10-31 22:53:20,960 INFO  [main] ui.ShellApp: App started. Logging initialized. ClientDelegate object created. Entering parse loop...
2013-10-31 22:54:04,973 INFO  [main] ui.ShellApp: App started. Logging initialized. ClientDelegate object created. Entering parse loop...
2013-10-31 22:54:22,164 INFO  [main] ui.ShellApp: App started. Logging initialized. ClientDelegate object created. Entering parse loop...
2013-10-31 22:54:45,268 INFO  [main] ui.ShellApp: App started. Logging initialized. ClientDelegate object created. Entering parse loop...
2013-10-31 22:55:34,831 INFO  [main] ui.ShellApp: App started. Logging initialized. ClientDelegate object created. Entering parse loop...
2013-10-31 22:55:59,547 INFO  [main] ui.ShellApp: App started. Logging initialized. ClientDelegate object created. Entering parse loop...
2013-10-31 22:57:53,897 INFO  [main] ui.ShellApp: App started. Logging initialized. ClientDelegate object created. Entering parse loop...
2013-10-31 22:58:17,453 INFO  [main] ui.ShellApp: App started. Logging initialized. ClientDelegate object created. Entering parse loop...
2013-10-31 22:58:24,431 INFO  [main] ui.ShellApp: App started. Logging initialized. ClientDelegate object created. Entering parse loop...
2013-10-31 22:58:34,929 INFO  [main] ui.ShellApp: App started. Logging initialized. ClientDelegate object created. Entering parse loop...
2013-10-31 22:59:15,134 INFO  [main] ui.ShellApp: App started. Logging initialized. ClientDelegate object created. Entering parse loop...
2013-10-31 22:59:24,708 INFO  [main] ui.ShellApp: App started. Logging initialized. ClientDelegate object created. Entering parse loop...
2013-10-31 22:59:35,634 INFO  [main] ui.ShellApp: App started. Logging initialized. ClientDelegate object created. Entering parse loop...
2013-10-31 23:00:25,782 INFO  [main] ui.ShellApp: App started. Logging initialized. ClientDelegate object created. Entering parse loop...
2013-10-31 23:01:06,787 INFO  [main] ui.ShellApp: App started. Logging initialized. ClientDelegate object created. Entering parse loop...
2013-10-31 23:02:06,402 INFO  [main] ui.ShellApp: App started. Logging initialized. ClientDelegate object created. Entering parse loop...
2013-10-31 23:02:18,265 ERROR [main] ui.ShellApp: Failed to connect; please make sure you have internet connection and review the IP address and/or port number
2013-10-31 23:02:26,394 ERROR [main] ui.ShellApp: Failed to send; please make sure you are connected
2013-10-31 23:02:58,530 INFO  [main] ui.ShellApp: Connected to 131.159.52.1:50000
2013-10-31 23:03:13,382 INFO  [main] ui.ShellApp: Message sent: 'hello ;lakdfjg ;lkjgf '
2013-10-31 23:03:32,283 ERROR [main] ui.ShellApp: Failed to send; please try again
2013-10-31 23:07:32,239 INFO  [main] ui.ShellApp: App started. Logging initialized. ClientDelegate object created. Entering parse loop...
2013-10-31 23:07:45,130 INFO  [main] ui.ShellApp: Connected to 131.159.52.1:50000
2013-10-31 23:08:14,251 INFO  [main] ui.ShellApp: Message sent: 'hello offline world '
2013-10-31 23:08:33,152 ERROR [main] ui.ShellApp: Failed to send; please try again
2013-10-31 23:09:46,357 INFO  [main] ui.ShellApp: App started. Logging initialized. ClientDelegate object created. Entering parse loop...
2013-10-31 23:09:58,341 INFO  [main] ui.ShellApp: Connected to 131.159.52.1:50000
2013-10-31 23:10:06,051 DEBUG [main] ui.ShellApp: Connection status: true
2013-10-31 23:10:06,052 INFO  [main] ui.ShellApp: Message sent: 'hello world '
2013-10-31 23:10:06,057 INFO  [main] ui.ShellApp: Reply received: 'hello world '
2013-10-31 23:10:17,046 INFO  [main] ui.ShellApp: Disconnected
2013-10-31 23:10:22,906 INFO  [main] ui.ShellApp: Disconnected
2013-10-31 23:11:07,533 INFO  [main] ui.ShellApp: App started. Logging initialized. ClientDelegate object created. Entering parse loop...
2013-10-31 23:11:10,124 INFO  [main] ui.ShellApp: Connected to 131.159.52.1:50000
2013-10-31 23:11:18,783 INFO  [main] ui.ShellApp: App started. Logging initialized. ClientDelegate object created. Entering parse loop...
2013-10-31 23:11:21,213 DEBUG [main] ui.ShellApp: Connection status: false
2013-10-31 23:11:25,718 INFO  [main] ui.ShellApp: Connected to 131.159.52.1:50000
2013-10-31 23:11:29,432 DEBUG [main] ui.ShellApp: Connection status: true
2013-10-31 23:11:29,433 INFO  [main] ui.ShellApp: Message sent: 'hello world '
2013-10-31 23:11:29,439 INFO  [main] ui.ShellApp: Reply received: 'hello world '
2013-10-31 23:11:39,641 DEBUG [main] ui.ShellApp: Connection status: true
2013-10-31 23:11:39,642 INFO  [main] ui.ShellApp: Disconnected
2013-10-31 23:11:46,393 DEBUG [main] ui.ShellApp: Connection status: true
2013-10-31 23:11:46,394 INFO  [main] ui.ShellApp: Disconnected
2013-10-31 23:13:08,946 DEBUG [main] ui.ShellApp: Connection status: true
2013-10-31 23:13:08,947 INFO  [main] ui.ShellApp: Disconnected
2013-10-31 23:50:04,434 INFO  [main] ui.ShellApp: App started. Logging initialized. ClientDelegate object created. Entering parse loop...
2013-10-31 23:50:13,879 ERROR [main] ui.ShellApp: Failed to connect; please make sure you have internet connection and review the IP address and/or port number
2013-10-31 23:50:48,338 ERROR [main] ui.ShellApp: Failed to connect; please make sure you have internet connection and review the IP address and/or port number
2013-10-31 23:50:51,996 INFO  [main] ui.ShellApp: Disconnected
2013-10-31 23:51:21,831 INFO  [main] ui.ShellApp: Disconnected
2013-10-31 23:52:04,640 INFO  [main] ui.ShellApp: App started. Logging initialized. ClientDelegate object created. Entering parse loop...
2013-10-31 23:52:10,757 ERROR [main] ui.ShellApp: Failed to connect; please make sure you have internet connection and review the IP address and/or port number
2013-10-31 23:52:13,416 INFO  [main] ui.ShellApp: Disconnected
2013-10-31 23:53:44,063 INFO  [main] ui.ShellApp: App started. Logging initialized. ClientDelegate object created. Entering parse loop...
2013-10-31 23:54:10,312 INFO  [main] ui.ShellApp: App started. Logging initialized. ClientDelegate object created. Entering parse loop...
2013-10-31 23:54:33,428 INFO  [main] ui.ShellApp: App started. Logging initialized. ClientDelegate object created. Entering parse loop...
2013-10-31 23:54:34,927 ERROR [main] ui.ShellApp: Failed to connect; please make sure you have internet connection and review the IP address and/or port number
2013-10-31 23:54:38,526 INFO  [main] ui.ShellApp: Disconnected
2013-10-31 23:57:41,445 INFO  [main] ui.ShellApp: App started. Logging initialized. ClientDelegate object created. Entering parse loop...
2013-10-31 23:57:42,752 ERROR [main] ui.ShellApp: Failed to connect; please make sure you have internet connection and review the IP address and/or port number
2013-10-31 23:57:45,921 INFO  [main] ui.ShellApp: Disconnected
2013-10-31 23:57:50,130 INFO  [main] ui.ShellApp: Message sent: 'hello world '
2013-10-31 23:59:18,909 INFO  [main] ui.ShellApp: App started. Logging initialized. ClientDelegate object created. Entering parse loop...
2013-11-01 00:00:20,336 ERROR [main] ui.ShellApp: Failed to connect; please make sure you have internet connection and review the IP address and/or port number
2013-11-01 00:00:22,170 INFO  [main] ui.ShellApp: Disconnected
2013-11-01 00:00:26,595 INFO  [main] ui.ShellApp: Message sent: 'hello world '
2013-11-01 00:00:26,595 ERROR [main] ui.ShellApp: Did not get a reply; please  make sure you are connected to the server
2013-11-01 00:00:58,181 INFO  [main] ui.ShellApp: App started. Logging initialized. ClientDelegate object created. Entering parse loop...
2013-11-01 00:01:01,290 ERROR [main] ui.ShellApp: Failed to connect; please make sure you have internet connection and review the IP address and/or port number
2013-11-01 00:01:04,505 INFO  [main] ui.ShellApp: Disconnected
2013-11-01 00:01:13,787 INFO  [main] ui.ShellApp: Message sent: 'hellow offline '
2013-11-01 00:01:13,787 ERROR [main] ui.ShellApp: Did not get a reply; please  make sure you are connected to the server
2013-11-01 00:02:11,251 INFO  [main] ui.ShellApp: App started. Logging initialized. ClientDelegate object created. Entering parse loop...
2013-11-01 00:02:30,366 ERROR [main] ui.ShellApp: Failed to connect; please make sure you have internet connection and review the IP address and/or port number
2013-11-01 00:02:33,818 INFO  [main] ui.ShellApp: Disconnected
2013-11-01 00:02:46,148 ERROR [main] ui.ShellApp: Failed to send; please  make sure you are connected to the server
2013-11-01 00:05:19,099 INFO  [main] ui.ShellApp: App started. Logging initialized. ClientDelegate object created. Entering parse loop...
2013-11-01 00:05:21,964 INFO  [main] ui.ShellApp: Connected to 131.159.52.1:50000
2013-11-01 00:05:28,063 INFO  [main] ui.ShellApp: Message sent: 'hello world '
2013-11-01 00:05:28,069 INFO  [main] ui.ShellApp: Reply received: 'hello world '
2013-11-01 00:05:34,895 INFO  [main] ui.ShellApp: Disconnected
2013-11-01 00:05:38,081 INFO  [main] ui.ShellApp: Disconnected
2013-11-01 00:05:41,047 INFO  [main] ui.ShellApp: Connected to 131.159.52.1:50000
2013-11-01 00:05:43,079 INFO  [main] ui.ShellApp: Connected to 131.159.52.1:50000
2013-11-01 00:06:00,617 INFO  [main] ui.ShellApp: Message sent: 'hello world '
2013-11-01 00:06:19,525 ERROR [main] ui.ShellApp: Failed to send; please make sure you are connected to the server
2013-11-01 00:07:49,157 ERROR [main] ui.ShellApp: Failed to send; please make sure you are connected to the server
2013-11-01 00:07:55,226 ERROR [main] ui.ShellApp: Failed to send; please make sure you are connected to the server
2013-11-01 00:08:17,132 INFO  [main] ui.ShellApp: Connected to 131.159.52.1:50000
2013-11-01 00:08:22,660 INFO  [main] ui.ShellApp: Message sent: 'hello world '
2013-11-01 00:08:22,667 INFO  [main] ui.ShellApp: Reply received: 'hello world '
2013-11-01 00:08:29,041 INFO  [main] ui.ShellApp: Message sent: 'hello world '
2013-11-01 00:08:47,928 ERROR [main] ui.ShellApp: Failed to send; please make sure you are connected to the server
2013-11-01 00:09:05,687 INFO  [main] ui.ShellApp: Connected to 131.159.52.1:50000
2013-11-01 00:09:13,810 INFO  [main] ui.ShellApp: Message sent: 'hello world '
2013-11-01 00:09:13,818 INFO  [main] ui.ShellApp: Reply received: 'hello world '
2013-11-01 00:09:36,460 INFO  [main] ui.ShellApp: Message sent: 'hello world '
2013-11-01 00:09:36,513 INFO  [main] ui.ShellApp: Reply received: 'hello world '
2013-11-01 00:10:21,443 INFO  [main] ui.ShellApp: Disconnected
2013-11-01 00:10:21,443 INFO  [main] ui.ShellApp: Closing app...
